<?xml version="1.0" encoding="UTF-8"?>
<!-- Generated by org.testng.reporters.JUnitXMLReporter -->
<testsuite hostname="Monica" ignored="0" name="hub spot functional test" tests="3" failures="0" timestamp="2020-05-21T10:10:16 PDT" time="3.185" errors="0">
  <testcase name="@BeforeTest setUp" time="3.008" classname="NaveenTestNGSessions.BaseTest">
    <failure type="org.openqa.selenium.SessionNotCreatedException" message="session not created: This version of ChromeDriver only supports Chrome version 83
Build info: version: &amp;apos;3.141.59&amp;apos;, revision: &amp;apos;e82be7d358&amp;apos;, time: &amp;apos;2018-11-14T08:17:03&amp;apos;
System info: host: &amp;apos;MONICA&amp;apos;, ip: &amp;apos;192.168.56.1&amp;apos;, os.name: &amp;apos;Windows 10&amp;apos;, os.arch: &amp;apos;amd64&amp;apos;, os.version: &amp;apos;10.0&amp;apos;, java.version: &amp;apos;1.8.0_241&amp;apos;
Driver info: driver.version: ChromeDriver
remote stacktrace: Backtrace:
	Ordinal0 [0x010E9563+2725219]
	Ordinal0 [0x00FE8551+1672529]
	Ordinal0 [0x00ED0359+525145]
	Ordinal0 [0x00E60B77+68471]
	Ordinal0 [0x00E5D32C+54060]
	Ordinal0 [0x00E7CC37+183351]
	Ordinal0 [0x00E7CA3D+182845]
	Ordinal0 [0x00E7A94B+174411]
	Ordinal0 [0x00E62528+75048]
	Ordinal0 [0x00E635A0+79264]
	Ordinal0 [0x00E63539+79161]
	Ordinal0 [0x00FFD607+1758727]
	GetHandleVerifier [0x01206546+1050150]
	GetHandleVerifier [0x01206291+1049457]
	GetHandleVerifier [0x012110D7+1094071]
	GetHandleVerifier [0x01206B46+1051686]
	Ordinal0 [0x00FF5B06+1727238]
	Ordinal0 [0x00FFEB7B+1764219]
	Ordinal0 [0x00FFECE3+1764579]
	Ordinal0 [0x01014C05+1854469]
	BaseThreadInitThunk [0x774A6359+25]
	RtlGetAppContainerNamedObjectPath [0x77897C24+228]
	RtlGetAppContainerNamedObjectPath [0x77897BF4+180]
">
      <![CDATA[org.openqa.selenium.SessionNotCreatedException: session not created: This version of ChromeDriver only supports Chrome version 83
Build info: version: '3.141.59', revision: 'e82be7d358', time: '2018-11-14T08:17:03'
System info: host: 'MONICA', ip: '192.168.56.1', os.name: 'Windows 10', os.arch: 'amd64', os.version: '10.0', java.version: '1.8.0_241'
Driver info: driver.version: ChromeDriver
remote stacktrace: Backtrace:
Ordinal0 [0x010E9563+2725219]
Ordinal0 [0x00FE8551+1672529]
Ordinal0 [0x00ED0359+525145]
Ordinal0 [0x00E60B77+68471]
Ordinal0 [0x00E5D32C+54060]
Ordinal0 [0x00E7CC37+183351]
Ordinal0 [0x00E7CA3D+182845]
Ordinal0 [0x00E7A94B+174411]
Ordinal0 [0x00E62528+75048]
Ordinal0 [0x00E635A0+79264]
Ordinal0 [0x00E63539+79161]
Ordinal0 [0x00FFD607+1758727]
GetHandleVerifier [0x01206546+1050150]
GetHandleVerifier [0x01206291+1049457]
GetHandleVerifier [0x012110D7+1094071]
GetHandleVerifier [0x01206B46+1051686]
Ordinal0 [0x00FF5B06+1727238]
Ordinal0 [0x00FFEB7B+1764219]
Ordinal0 [0x00FFECE3+1764579]
Ordinal0 [0x01014C05+1854469]
BaseThreadInitThunk [0x774A6359+25]
RtlGetAppContainerNamedObjectPath [0x77897C24+228]
RtlGetAppContainerNamedObjectPath [0x77897BF4+180]

at sun.reflect.NativeConstructorAccessorImpl.newInstance0(Native Method)
at sun.reflect.NativeConstructorAccessorImpl.newInstance(NativeConstructorAccessorImpl.java:62)
at sun.reflect.DelegatingConstructorAccessorImpl.newInstance(DelegatingConstructorAccessorImpl.java:45)
at java.lang.reflect.Constructor.newInstance(Constructor.java:423)
at org.openqa.selenium.remote.W3CHandshakeResponse.lambda$errorHandler$0(W3CHandshakeResponse.java:62)
at org.openqa.selenium.remote.HandshakeResponse.lambda$getResponseFunction$0(HandshakeResponse.java:30)
at org.openqa.selenium.remote.ProtocolHandshake.lambda$createSession$0(ProtocolHandshake.java:126)
at java.util.stream.ReferencePipeline$3$1.accept(ReferencePipeline.java:193)
at java.util.Spliterators$ArraySpliterator.tryAdvance(Spliterators.java:958)
at java.util.stream.ReferencePipeline.forEachWithCancel(ReferencePipeline.java:126)
at java.util.stream.AbstractPipeline.copyIntoWithCancel(AbstractPipeline.java:499)
at java.util.stream.AbstractPipeline.copyInto(AbstractPipeline.java:486)
at java.util.stream.AbstractPipeline.wrapAndCopyInto(AbstractPipeline.java:472)
at java.util.stream.FindOps$FindOp.evaluateSequential(FindOps.java:152)
at java.util.stream.AbstractPipeline.evaluate(AbstractPipeline.java:234)
at java.util.stream.ReferencePipeline.findFirst(ReferencePipeline.java:464)
at org.openqa.selenium.remote.ProtocolHandshake.createSession(ProtocolHandshake.java:128)
at org.openqa.selenium.remote.ProtocolHandshake.createSession(ProtocolHandshake.java:74)
at org.openqa.selenium.remote.HttpCommandExecutor.execute(HttpCommandExecutor.java:136)
at org.openqa.selenium.remote.service.DriverCommandExecutor.execute(DriverCommandExecutor.java:83)
at org.openqa.selenium.remote.RemoteWebDriver.execute(RemoteWebDriver.java:552)
at org.openqa.selenium.remote.RemoteWebDriver.startSession(RemoteWebDriver.java:213)
at org.openqa.selenium.remote.RemoteWebDriver.<init>(RemoteWebDriver.java:131)
at org.openqa.selenium.chrome.ChromeDriver.<init>(ChromeDriver.java:181)
at org.openqa.selenium.chrome.ChromeDriver.<init>(ChromeDriver.java:168)
at org.openqa.selenium.chrome.ChromeDriver.<init>(ChromeDriver.java:123)
at NaveenTestNGSessions.BaseTest.setUp(BaseTest.java:19)
at sun.reflect.NativeMethodAccessorImpl.invoke0(Native Method)
at sun.reflect.NativeMethodAccessorImpl.invoke(NativeMethodAccessorImpl.java:62)
at sun.reflect.DelegatingMethodAccessorImpl.invoke(DelegatingMethodAccessorImpl.java:43)
at java.lang.reflect.Method.invoke(Method.java:498)
at org.testng.internal.MethodInvocationHelper.invokeMethod(MethodInvocationHelper.java:133)
at org.testng.internal.MethodInvocationHelper.invokeMethodConsideringTimeout(MethodInvocationHelper.java:62)
at org.testng.internal.ConfigInvoker.invokeConfigurationMethod(ConfigInvoker.java:340)
at org.testng.internal.ConfigInvoker.invokeConfigurations(ConfigInvoker.java:294)
at org.testng.TestRunner.invokeTestConfigurations(TestRunner.java:623)
at org.testng.TestRunner.beforeRun(TestRunner.java:613)
at org.testng.TestRunner.run(TestRunner.java:584)
at org.testng.SuiteRunner.runTest(SuiteRunner.java:402)
at org.testng.SuiteRunner.runSequentially(SuiteRunner.java:396)
at org.testng.SuiteRunner.privateRun(SuiteRunner.java:355)
at org.testng.SuiteRunner.run(SuiteRunner.java:304)
at org.testng.SuiteRunnerWorker.runSuite(SuiteRunnerWorker.java:53)
at org.testng.SuiteRunnerWorker.run(SuiteRunnerWorker.java:96)
at org.testng.TestNG.runSuitesSequentially(TestNG.java:1180)
at org.testng.TestNG.runSuitesLocally(TestNG.java:1102)
at org.testng.TestNG.runSuites(TestNG.java:1032)
at org.testng.TestNG.run(TestNG.java:1000)
at org.testng.remote.AbstractRemoteTestNG.run(AbstractRemoteTestNG.java:115)
at org.testng.remote.RemoteTestNG.initAndRun(RemoteTestNG.java:251)
at org.testng.remote.RemoteTestNG.main(RemoteTestNG.java:77)
]]>
    </failure>
  </testcase> <!-- @BeforeTest setUp -->
  <testcase name="@AfterTest teardown" time="-1.590081016077E9" classname="NaveenTestNGSessions.BaseTest">
    <skipped/>
  </testcase> <!-- @AfterTest teardown -->
  <testcase name="loginTest" time="0.0" classname="NaveenTestNGSessions.LoginPageTest">
    <skipped/>
  </testcase> <!-- loginTest -->
  <testcase name="verifyLoginPageTitleTest" time="0.0" classname="NaveenTestNGSessions.LoginPageTest">
    <skipped/>
  </testcase> <!-- verifyLoginPageTitleTest -->
  <testcase name="verifySignUpLinkTest" time="0.0" classname="NaveenTestNGSessions.LoginPageTest">
    <skipped/>
  </testcase> <!-- verifySignUpLinkTest -->
</testsuite> <!-- hub spot functional test -->
