<?xml version="1.0" encoding="UTF-8"?>
<testng-results skipped="0" failed="1" ignored="2" total="6" passed="3">
  <reporter-output>
  </reporter-output>
  <suite name="HubSpot App Test automation Regression suite" duration-ms="18515" started-at="2020-05-26T15:07:16 PDT" finished-at="2020-05-26T15:07:34 PDT">
    <groups>
    </groups>
    <test name="hub spot functional test" duration-ms="18515" started-at="2020-05-26T15:07:16 PDT" finished-at="2020-05-26T15:07:34 PDT">
      <class name="NaveenTestNGSessions.LoginPageTest">
        <test-method status="PASS" signature="setUp(java.lang.String, java.lang.String)[pri:0, instance:NaveenTestNGSessions.LoginPageTest@cd2dae5]" name="setUp" is-config="true" duration-ms="10751" started-at="2020-05-26T15:07:16 PDT" finished-at="2020-05-26T15:07:26 PDT">
          <params>
            <param index="0">
              <value>
                <![CDATA[https://app.hubspot.com/login]]>
              </value>
            </param>
            <param index="1">
              <value>
                <![CDATA[chrome]]>
              </value>
            </param>
          </params>
          <reporter-output>
          </reporter-output>
        </test-method> <!-- setUp -->
        <test-method status="PASS" signature="loginTest(java.lang.String, java.lang.String)[pri:0, instance:NaveenTestNGSessions.LoginPageTest@cd2dae5]" name="loginTest" duration-ms="6378" started-at="2020-05-26T15:07:26 PDT" finished-at="2020-05-26T15:07:33 PDT">
          <params>
            <param index="0">
              <value>
                <![CDATA[nagaradha@gmail.com]]>
              </value>
            </param>
            <param index="1">
              <value>
                <![CDATA[radha123]]>
              </value>
            </param>
          </params>
          <reporter-output>
          </reporter-output>
        </test-method> <!-- loginTest -->
        <test-method status="FAIL" signature="verifyLoginPageTitleTest()[pri:0, instance:NaveenTestNGSessions.LoginPageTest@cd2dae5]" name="verifyLoginPageTitleTest" duration-ms="32" started-at="2020-05-26T15:07:33 PDT" finished-at="2020-05-26T15:07:33 PDT">
          <exception class="java.lang.AssertionError">
            <message>
              <![CDATA[expected [HubSpot Login1] but found [HubSpot Login]]]>
            </message>
            <full-stacktrace>
              <![CDATA[java.lang.AssertionError: expected [HubSpot Login1] but found [HubSpot Login]
at org.testng.Assert.fail(Assert.java:97)
at org.testng.Assert.assertEqualsImpl(Assert.java:136)
at org.testng.Assert.assertEquals(Assert.java:118)
at org.testng.Assert.assertEquals(Assert.java:575)
at org.testng.Assert.assertEquals(Assert.java:585)
at NaveenTestNGSessions.LoginPageTest.verifyLoginPageTitleTest(LoginPageTest.java:17)
at sun.reflect.NativeMethodAccessorImpl.invoke0(Native Method)
at sun.reflect.NativeMethodAccessorImpl.invoke(NativeMethodAccessorImpl.java:62)
at sun.reflect.DelegatingMethodAccessorImpl.invoke(DelegatingMethodAccessorImpl.java:43)
at java.lang.reflect.Method.invoke(Method.java:498)
at org.testng.internal.MethodInvocationHelper.invokeMethod(MethodInvocationHelper.java:133)
at org.testng.internal.TestInvoker.invokeMethod(TestInvoker.java:584)
at org.testng.internal.TestInvoker.invokeTestMethod(TestInvoker.java:172)
at org.testng.internal.MethodRunner.runInSequence(MethodRunner.java:46)
at org.testng.internal.TestInvoker$MethodInvocationAgent.invoke(TestInvoker.java:804)
at org.testng.internal.TestInvoker.invokeTestMethods(TestInvoker.java:145)
at org.testng.internal.TestMethodWorker.invokeTestMethods(TestMethodWorker.java:146)
at org.testng.internal.TestMethodWorker.run(TestMethodWorker.java:128)
at java.util.ArrayList.forEach(ArrayList.java:1257)
at org.testng.TestRunner.privateRun(TestRunner.java:770)
at org.testng.TestRunner.run(TestRunner.java:591)
at org.testng.SuiteRunner.runTest(SuiteRunner.java:402)
at org.testng.SuiteRunner.runSequentially(SuiteRunner.java:396)
at org.testng.SuiteRunner.privateRun(SuiteRunner.java:355)
at org.testng.SuiteRunner.run(SuiteRunner.java:304)
at org.testng.SuiteRunnerWorker.runSuite(SuiteRunnerWorker.java:53)
at org.testng.SuiteRunnerWorker.run(SuiteRunnerWorker.java:96)
at org.testng.TestNG.runSuitesSequentially(TestNG.java:1180)
at org.testng.TestNG.runSuitesLocally(TestNG.java:1102)
at org.testng.TestNG.runSuites(TestNG.java:1032)
at org.testng.TestNG.run(TestNG.java:1000)
at org.testng.remote.AbstractRemoteTestNG.run(AbstractRemoteTestNG.java:115)
at org.testng.remote.RemoteTestNG.initAndRun(RemoteTestNG.java:251)
at org.testng.remote.RemoteTestNG.main(RemoteTestNG.java:77)
]]>
            </full-stacktrace>
          </exception> <!-- java.lang.AssertionError -->
          <reporter-output>
          </reporter-output>
        </test-method> <!-- verifyLoginPageTitleTest -->
        <test-method status="PASS" signature="verifySignUpLinkTest()[pri:0, instance:NaveenTestNGSessions.LoginPageTest@cd2dae5]" name="verifySignUpLinkTest" duration-ms="129" started-at="2020-05-26T15:07:33 PDT" finished-at="2020-05-26T15:07:33 PDT">
          <reporter-output>
          </reporter-output>
        </test-method> <!-- verifySignUpLinkTest -->
        <test-method status="PASS" signature="teardown()[pri:0, instance:NaveenTestNGSessions.LoginPageTest@cd2dae5]" name="teardown" is-config="true" duration-ms="1160" started-at="2020-05-26T15:07:33 PDT" finished-at="2020-05-26T15:07:34 PDT">
          <reporter-output>
          </reporter-output>
        </test-method> <!-- teardown -->
      </class> <!-- NaveenTestNGSessions.LoginPageTest -->
      <class name="NaveenTestNGSessions.HomePageTest">
        <test-method status="PASS" signature="verifyHomePageTitleTest()[pri:1, instance:NaveenTestNGSessions.HomePageTest@3a883ce7]" name="verifyHomePageTitleTest" duration-ms="3" started-at="2020-05-26T15:07:33 PDT" finished-at="2020-05-26T15:07:33 PDT">
          <reporter-output>
          </reporter-output>
        </test-method> <!-- verifyHomePageTitleTest -->
      </class> <!-- NaveenTestNGSessions.HomePageTest -->
    </test> <!-- hub spot functional test -->
  </suite> <!-- HubSpot App Test automation Regression suite -->
</testng-results>
